TN:
SF:src/AutoCompounder.sol
DA:40,7
FN:40,AutoCompounder.poke
FNDA:7,AutoCompounder.poke
DA:41,7
DA:42,7
BRDA:42,0,0,1
DA:43,1
DA:45,6
DA:47,6
DA:48,5
DA:50,5
DA:54,3
FN:54,AutoCompounder.canPoke
FNDA:3,AutoCompounder.canPoke
DA:55,3
DA:56,3
DA:57,1
FNF:2
FNH:2
LF:12
LH:12
BRF:1
BRH:1
end_of_record
TN:
SF:src/DividendVault.sol
DA:57,46
FN:57,DividendVault.constructor
FNDA:46,DividendVault.constructor
DA:63,46
DA:66,12612
FN:66,DividendVault._decimalsOffset
FNDA:12612,DividendVault._decimalsOffset
DA:67,12612
DA:73,2
FN:73,DividendVault.lockedYieldNow
FNDA:2,DividendVault.lockedYieldNow
DA:74,12630
DA:75,12630
BRDA:75,0,0,12622
DA:76,8
DA:77,8
BRDA:77,1,0,2
DA:79,6
DA:87,4
FN:87,DividendVault.totalAssets
FNDA:4,DividendVault.totalAssets
DA:88,12616
DA:93,24
FN:93,DividendVault.setYieldSource
FNDA:24,DividendVault.setYieldSource
DA:94,24
BRDA:94,2,0,1
DA:95,23
DA:96,23
DA:99,5
FN:99,DividendVault.setPerformanceFee
FNDA:5,DividendVault.setPerformanceFee
DA:100,3
BRDA:100,3,0,1
DA:101,2
DA:102,2
DA:105,1
FN:105,DividendVault.setFeeRecipient
FNDA:1,DividendVault.setFeeRecipient
DA:106,1
BRDA:106,4,0,1
DA:107,0
DA:110,3
FN:110,DividendVault.pause
FNDA:3,DividendVault.pause
DA:111,3
DA:114,1
FN:114,DividendVault.unpause
FNDA:1,DividendVault.unpause
DA:115,1
DA:126,14
FN:126,DividendVault.harvest
FNDA:14,DividendVault.harvest
DA:127,13
DA:128,13
BRDA:128,5,0,1
BRDA:128,5,1,12
DA:130,12
DA:131,12
DA:132,12
DA:133,12
DA:136,12
DA:137,12
BRDA:137,6,0,10
DA:138,10
DA:139,10
BRDA:139,7,0,1
DA:141,12
DA:144,12
DA:145,12
DA:147,12
DA:152,7008
FN:152,DividendVault.deposit
FNDA:7008,DividendVault.deposit
DA:156,7007
DA:159,0
FN:159,DividendVault.mint
FNDA:0,DividendVault.mint
DA:163,0
FNF:12
FNH:11
LF:46
LH:43
BRF:9
BRH:9
end_of_record
TN:
SF:src/MockEquityToken.sol
DA:36,58
FN:36,MockEquityToken.constructor
FNDA:58,MockEquityToken.constructor
DA:40,58
DA:45,58
FN:45,MockEquityToken.faucet
FNDA:58,MockEquityToken.faucet
DA:46,58
DA:47,58
BRDA:47,0,0,2
DA:48,2
DA:49,2
BRDA:49,1,0,1
DA:50,1
DA:53,57
DA:54,57
DA:55,57
DA:59,6999
FN:59,MockEquityToken.mint
FNDA:6999,MockEquityToken.mint
DA:60,6998
FNF:3
FNH:3
LF:13
LH:13
BRF:2
BRH:2
end_of_record
TN:
SF:src/MockYieldSource.sol
DA:26,27
FN:26,MockYieldSource.constructor
FNDA:27,MockYieldSource.constructor
DA:27,27
DA:28,27
DA:31,2
FN:31,MockYieldSource.pendingYield
FNDA:2,MockYieldSource.pendingYield
DA:32,15
DA:33,15
BRDA:33,0,0,1
DA:34,14
DA:35,14
DA:37,14
DA:40,13
FN:40,MockYieldSource.harvest
FNDA:13,MockYieldSource.harvest
DA:41,13
DA:42,13
DA:43,13
BRDA:43,1,0,11
DA:45,11
DA:50,28
FN:50,MockYieldSource.start
FNDA:28,MockYieldSource.start
DA:51,28
BRDA:51,2,0,26
DA:52,26
FNF:4
FNH:4
LF:17
LH:17
BRF:3
BRH:3
end_of_record
TN:
SF:src/VaultFactory.sol
DA:36,7
FN:36,VaultFactory.createVault
FNDA:7,VaultFactory.createVault
DA:40,7
DA:41,1
BRDA:41,0,0,1
DA:42,6
DA:43,1
BRDA:43,1,0,1
DA:47,5
DA:48,5
DA:49,5
BRDA:49,2,0,1
DA:51,4
DA:52,4
DA:54,4
DA:56,4
DA:57,4
DA:59,4
DA:62,2
FN:62,VaultFactory.vaultCount
FNDA:2,VaultFactory.vaultCount
DA:63,2
FNF:2
FNH:2
LF:16
LH:16
BRF:3
BRH:3
end_of_record
TN:
SF:src/ZapRouter.sol
DA:45,6
FN:45,ZapRouter.zapDeposit
FNDA:6,ZapRouter.zapDeposit
DA:48,6
DA:49,6
BRDA:49,0,0,1
DA:51,5
DA:52,5
DA:53,7
DA:54,7
BRDA:54,1,0,1
DA:55,6
BRDA:55,2,0,1
DA:57,5
DA:58,5
DA:59,5
BRDA:59,3,0,0
DA:60,5
DA:63,5
DA:65,5
DA:67,5
DA:69,5
DA:72,3
DA:78,1
FN:78,ZapRouter.previewZap
FNDA:1,ZapRouter.previewZap
DA:81,1
DA:82,1
DA:83,2
FNF:2
FNH:2
LF:21
LH:21
BRF:4
BRH:3
end_of_record
TN:
SF:test/DividendVault.invariant.t.sol
DA:68,3
FN:68,VaultHandler.constructor
FNDA:3,VaultHandler.constructor
DA:69,3
DA:70,3
DA:71,3
DA:72,9
DA:76,6216
FN:76,VaultHandler.deposit
FNDA:6216,VaultHandler.deposit
DA:77,6216
DA:78,6216
DA:80,6216
DA:81,6216
DA:82,6216
DA:83,6216
DA:84,6216
DA:86,6216
DA:89,6168
FN:89,VaultHandler.withdraw
FNDA:6168,VaultHandler.withdraw
DA:90,6168
DA:91,6168
DA:92,6168
BRDA:92,1,0,1341
DA:93,4827
DA:95,4827
DA:96,4827
DA:97,4827
DA:99,4827
FNF:3
FNH:3
LF:23
LH:23
BRF:1
BRH:1
end_of_record
